#
# A fatal error has been detected by the Java Runtime Environment:
#
#  EXCEPTION_ACCESS_VIOLATION (0xc0000005) at pc=0x0000000068f62b27, pid=31632, tid=20048
#
# JRE version: OpenJDK Runtime Environment Temurin-17.0.3+7 (17.0.3+7) (build 17.0.3+7)
# Java VM: OpenJDK 64-Bit Server VM Temurin-17.0.3+7 (17.0.3+7, mixed mode, tiered, compressed oops, compressed class ptrs, g1 gc, windows-amd64)
# Problematic frame:
# C  [libswipl.dll+0x22b27]
#
# No core dump will be written. Minidumps are not enabled by default on client versions of Windows
#
# If you would like to submit a bug report, please visit:
#   https://github.com/adoptium/adoptium-support/issues
# The crash happened outside the Java Virtual Machine in native code.
# See problematic frame for where to report the bug.
#

---------------  S U M M A R Y ------------

Command Line: goal.tools.eclipse.RunTool D:\projects\MAI\MASD\GoalSamples\.goalprefs D:\projects\MAI\MASD\GoalSamples\MASD\scenario1.mas2g

Host: Intel(R) Core(TM) Ultra 7 155H, 22 cores, 31G,  Windows 11 , 64 bit Build 22621 (10.0.22621.3527)
Time: Thu May 23 13:36:57 2024 Hora de verano romance elapsed time: 1.020694 seconds (0d 0h 0m 1s)

---------------  T H R E A D  ---------------

Current thread (0x0000029bbffd7650):  JavaThread "k1" [_thread_in_native, id=20048, stack(0x000000be12100000,0x000000be12200000)]

Stack: [0x000000be12100000,0x000000be12200000],  sp=0x000000be121fe0d0,  free space=1016k
Native frames: (J=compiled Java code, j=interpreted, Vv=VM code, C=native code)
C  [libswipl.dll+0x22b27]

Java frames: (J=compiled Java code, j=interpreted, Vv=VM code)
j  org.jpl7.fli.Prolog.get_float(Lorg/jpl7/fli/term_t;Lorg/jpl7/fli/DoubleHolder;)Z+0
j  swiprolog.language.impl.PrologQueryImpl.getTerm(Ljava/util/Map;Lorg/jpl7/fli/term_t;)Lswiprolog/language/PrologTerm;+312
j  swiprolog.language.impl.PrologQueryImpl.getSubst(Ljava/util/Map;Ljava/util/Map;Lorg/jpl7/Term;)V+95
j  swiprolog.language.impl.PrologQueryImpl.getSubst(Ljava/util/Map;Ljava/util/Map;Lorg/jpl7/Term;)V+39
j  swiprolog.language.impl.PrologQueryImpl.getSubst(Ljava/util/Map;Ljava/util/Map;Lorg/jpl7/Term;)V+39
j  swiprolog.language.impl.PrologQueryImpl.getSubst(Ljava/util/Map;Ljava/util/Map;Lorg/jpl7/Term;)V+39
j  swiprolog.language.impl.PrologQueryImpl.getSubst(Ljava/util/Map;Ljava/util/Map;Lorg/jpl7/Term;)V+39
j  swiprolog.language.impl.PrologQueryImpl.getSubst(Ljava/util/Map;Ljava/util/Map;Lorg/jpl7/Term;)V+39
j  swiprolog.language.impl.PrologQueryImpl.getSubst(Ljava/util/Map;Ljava/util/Map;Lorg/jpl7/Term;)V+39
j  swiprolog.language.impl.PrologQueryImpl.getCurrentSolutionBindings()Ljava/util/Map;+42
j  org.jpl7.Query.nextSolution()Ljava/util/Map;+13
j  org.jpl7.Query.next()Ljava/util/Map;+1
j  org.jpl7.Query.allSolutions()[Ljava/util/Map;+34
j  swiprolog.database.PrologDatabase.rawquery(Lswiprolog/language/PrologQuery;)Ljava/util/Set;+1
j  swiprolog.database.PrologDatabase.flushWriteCache()V+15
j  swiprolog.database.PrologDatabase.query(LkrTools/language/Query;)Ljava/util/Set;+20
j  swiPrologMentalState.SwiPrologGoal.query(LkrTools/language/Query;)Ljava/util/Set;+5
j  mentalState.GoalBase.query(LkrTools/language/Query;)Ljava/util/Set;+26
j  mentalState.MentalModel.goalQuery(LkrTools/language/Query;Z)Ljava/util/Set;+6
j  mentalState.MentalModel.query(LlanguageTools/program/agent/msc/MentalLiteral;ZLevents/ExecutionEventGeneratorInterface;)Ljava/util/Set;+172
j  mentalState.MentalState.query(LlanguageTools/program/agent/msc/MentalLiteral;Levents/ExecutionEventGeneratorInterface;)Ljava/util/Set;+398
j  mentalState.MentalState.evaluate(LlanguageTools/program/agent/msc/MentalStateCondition;LkrTools/language/Substitution;Levents/ExecutionEventGeneratorInterface;)LmentalState/MSCResult;+110
j  mentalState.MentalStateWithEvents.evaluate(LlanguageTools/program/agent/msc/MentalStateCondition;LkrTools/language/Substitution;Levents/ExecutionEventGeneratorInterface;)LmentalState/MSCResult;+31
j  mentalState.executors.MentalStateConditionExecutor.evaluate(LmentalState/MentalStateWithEvents;LlanguageTools/program/agent/Module$FocusMethod;Levents/ExecutionEventGeneratorInterface;)LmentalState/MSCResult;+64
j  goal.core.executors.stack.RuleStackExecutor.evaluateRule()LmentalState/MSCResult;+90
j  goal.core.executors.stack.RuleStackExecutor.generateExecutors()Ljava/util/Deque;+9
j  goal.core.executors.stack.RuleStackExecutor.popped()V+68
j  goal.core.executors.stack.CallStack.pop()V+18
j  goal.core.agent.GOALInterpreter.executeCycle(I)Ljava/util/concurrent/Callable;+63
j  goal.core.agent.GOALInterpreter.access$400(Lgoal/core/agent/GOALInterpreter;I)Ljava/util/concurrent/Callable;+2
j  goal.core.agent.GOALInterpreter$2.lambda$run$0()Ljava/util/concurrent/Callable;+14
j  goal.core.agent.GOALInterpreter$2$$Lambda$206+0x0000000800282f40.call()Ljava/lang/Object;+4
j  goal.core.agent.GOALInterpreter$2.run()V+468
j  java.util.concurrent.ThreadPoolExecutor.runWorker(Ljava/util/concurrent/ThreadPoolExecutor$Worker;)V+92 java.base@17.0.3
j  java.util.concurrent.ThreadPoolExecutor$Worker.run()V+5 java.base@17.0.3
j  java.lang.Thread.run()V+11 java.base@17.0.3
v  ~StubRoutines::call_stub

siginfo: EXCEPTION_ACCESS_VIOLATION (0xc0000005), reading address 0x000000000000000d


Register to memory mapping:

RIP=0x0000000068f62b27 libswipl.dll
RAX=0x0000000000000001 is an unknown value
RBX=0x00000000000000a0 is an unknown value
RCX=0x0000000000000005 is an unknown value
RDX=0x0000029bc6110088 points into unknown readable memory: 0x0000000f04ed22dd | dd 22 ed 04 0f 00 00 00
RSP=0x000000be121fe0d0 is pointing into the stack for thread: 0x0000029bbffd7650
RBP=0x000000be121fe218 is pointing into the stack for thread: 0x0000029bbffd7650
RSI=0x000000be121fe178 is pointing into the stack for thread: 0x0000029bbffd7650
RDI=0x0000029b97da9612 is at code_begin+1394 in an Interpreter codelet
return entry points  [0x0000029b97da90a0, 0x0000029b97da9ba0]  2816 bytes
R8 =0x0000000000000002 is an unknown value
R9 =0x0000000000000018 is an unknown value
R10=0x0 is NULL
R11=0x0000029bc6110588 points into unknown readable memory: 0x00000000000000ba | ba 00 00 00 00 00 00 00
R12=0x0000029bbffd78f8 points into unknown readable memory: 0x00007ffac22117d0 | d0 17 21 c2 fa 7f 00 00
R13=0x000000be121fe240 is pointing into the stack for thread: 0x0000029bbffd7650
R14=0x000000be121fe238 is pointing into the stack for thread: 0x0000029bbffd7650
R15=0x0000029bbffd7650 is a thread


Registers:
RAX=0x0000000000000001, RBX=0x00000000000000a0, RCX=0x0000000000000005, RDX=0x0000029bc6110088
RSP=0x000000be121fe0d0, RBP=0x000000be121fe218, RSI=0x000000be121fe178, RDI=0x0000029b97da9612
R8 =0x0000000000000002, R9 =0x0000000000000018, R10=0x0000000000000000, R11=0x0000029bc6110588
R12=0x0000029bbffd78f8, R13=0x000000be121fe240, R14=0x000000be121fe238, R15=0x0000029bbffd7650
RIP=0x0000000068f62b27, EFLAGS=0x0000000000010206

Top of Stack: (sp=0x000000be121fe0d0)
0x000000be121fe0d0:   0000029bbe319a08 00007ffac1d3c2b9
0x000000be121fe0e0:   0000bf82e814cb1f 00007ffac1d3c207
0x000000be121fe0f0:   0000029bbffd7650 000000be121fe240
0x000000be121fe100:   0000000000000000 0000029b97da9612
0x000000be121fe110:   0000029b97da9612 0000029bbf2c7178
0x000000be121fe120:   000000be121fe218 00007ffac1a920e2
0x000000be121fe130:   0000029bbf2c7178 0000029bbe319a08
0x000000be121fe140:   0000029bbffd78f8 000000006938827a
0x000000be121fe150:   0000029bbf2c7178 0000029bbffd7650
0x000000be121fe160:   0000029b97da9612 0000029b97dad48e
0x000000be121fe170:   0000029bbf2c7178 0000029bbf2c7178
0x000000be121fe180:   0000000000000000 0000029bbf2c7178
0x000000be121fe190:   000000be121fe240 0000029b97dad621
0x000000be121fe1a0:   0000029bbf2c7178 0000029bbe319a08
0x000000be121fe1b0:   0000029bbf2cb0a0 00000000000000b7
0x000000be121fe1c0:   000000be121fe228 0000029b97dad2f6 

Instructions: (pc=0x0000000068f62b27)
0x0000000068f62a27:   00 00 00 0f 82 96 6e 0d 00 48 8b 93 00 01 00 00
0x0000000068f62a37:   48 83 c2 30 48 39 93 08 01 00 00 0f 82 7e 6e 0d
0x0000000068f62a47:   00 48 8d 8c 24 80 00 00 00 4e 8d 44 27 c8 49 83
0x0000000068f62a57:   eb 01 4c 89 83 a8 00 00 00 48 89 4c 24 38 48 8d
0x0000000068f62a67:   8b e8 01 00 00 48 89 2f 48 89 fd 48 8b 44 24 38
0x0000000068f62a77:   4c 8b 53 48 48 83 c5 08 48 89 ea 4c 8b 20 4c 8d
0x0000000068f62a87:   48 08 4c 89 4c 24 38 4f 8d 04 e2 e8 99 f9 ff ff
0x0000000068f62a97:   49 83 eb 01 49 83 fb ff 75 d1 48 2b bb e8 01 00
0x0000000068f62aa7:   00 4c 8b 5b 48 b8 01 00 00 00 48 c1 e7 05 48 83
0x0000000068f62ab7:   cf 0e 49 89 3c f3 48 83 c4 40 5b 5e 5f 5d 41 5c
0x0000000068f62ac7:   c3 0f 1f 84 00 00 00 00 00 41 54 56 53 48 83 ec
0x0000000068f62ad7:   60 48 8b 05 f1 f2 13 00 48 89 cb 48 89 d6 8b 08
0x0000000068f62ae7:   ff 15 87 b5 16 00 48 8b 50 48 4c 8d 1c da 49 8b
0x0000000068f62af7:   0b 49 89 c8 41 83 e0 07 49 83 f8 07 0f 84 73 6e
0x0000000068f62b07:   0d 00 49 83 f8 02 75 2c 49 89 c9 48 c1 e9 05 41
0x0000000068f62b17:   83 e1 18 4e 8b 94 c8 a8 01 00 00 b8 01 00 00 00
0x0000000068f62b27:   f2 42 0f 10 4c 11 08 f2 0f 11 0e 48 83 c4 60 5b
0x0000000068f62b37:   5e 41 5c c3 31 c0 49 83 f8 03 0f 84 f2 6d 0d 00
0x0000000068f62b47:   eb e9 0f 1f 80 00 00 00 00 57 56 53 48 83 ec 20
0x0000000068f62b57:   48 8b 05 72 f2 13 00 48 89 cf 48 89 d6 8b 08 4c
0x0000000068f62b67:   89 c3 ff 15 05 b5 16 00 48 8b 50 48 48 8d 0c fa
0x0000000068f62b77:   48 8b 09 49 89 c8 41 83 e0 07 49 83 f8 07 0f 84
0x0000000068f62b87:   b4 6e 0d 00 49 83 f8 06 0f 85 c4 6e 0d 00 4c 8b
0x0000000068f62b97:   88 e8 01 00 00 48 c1 e9 05 b8 3f 00 00 00 48 8b
0x0000000068f62ba7:   3d 04 f2 13 00 4e 8b 14 09 49 c1 ea 0c 4d 0f bd
0x0000000068f62bb7:   da 49 83 f3 3f 44 29 d8 48 98 48 8b 94 c7 70 15
0x0000000068f62bc7:   00 00 4a 8b 0c d2 48 85 f6 74 07 4c 8b 41 10 4c
0x0000000068f62bd7:   89 06 48 85 db 0f 84 6d 6e 0d 00 48 8b 71 18 b8
0x0000000068f62be7:   01 00 00 00 48 89 33 48 83 c4 20 5b 5e 5f c3 66
0x0000000068f62bf7:   2e 0f 1f 84 00 00 00 00 00 41 57 41 56 41 55 41
0x0000000068f62c07:   54 53 48 83 ec 30 48 8b 05 bc f1 13 00 49 89 d4
0x0000000068f62c17:   4d 89 c7 4c 89 cb 49 89 ce 8b 08 ff 15 4c b4 16 


Stack slot to memory mapping:
stack at sp + 0 slots: 0x0000029bbe319a08 is pointing into metadata
stack at sp + 1 slots: 0x00007ffac1d3c2b9 jvm.dll
stack at sp + 2 slots: 0x0000bf82e814cb1f is an unknown value
stack at sp + 3 slots: 0x00007ffac1d3c207 jvm.dll
stack at sp + 4 slots: 0x0000029bbffd7650 is a thread
stack at sp + 5 slots: 0x000000be121fe240 is pointing into the stack for thread: 0x0000029bbffd7650
stack at sp + 6 slots: 0x0 is NULL
stack at sp + 7 slots: 0x0000029b97da9612 is at code_begin+1394 in an Interpreter codelet
return entry points  [0x0000029b97da90a0, 0x0000029b97da9ba0]  2816 bytes


---------------  P R O C E S S  ---------------

Threads class SMR info:
_java_thread_list=0x0000029bc1457a80, length=28, elements={
0x0000029b946f0360, 0x0000029bbdafacc0, 0x0000029bbdafd2e0, 0x0000029bbdb3eb90,
0x0000029bbdb3f740, 0x0000029bbdb402f0, 0x0000029bbdb40ca0, 0x0000029bbdb5e940,
0x0000029bbdb5f3e0, 0x0000029bbdb689d0, 0x0000029bbdcc74f0, 0x0000029bbdcca220,
0x0000029bbdcd89c0, 0x0000029bbdcf06e0, 0x0000029bbdd83fd0, 0x0000029bbe9b6680,
0x0000029bbea19c90, 0x0000029bbffa42a0, 0x0000029bbffa7a40, 0x0000029bbffaa9d0,
0x0000029bc01e7f20, 0x0000029bbfca9f70, 0x0000029bbffd5970, 0x0000029bbffd7180,
0x0000029bbffd6cb0, 0x0000029bbffd7650, 0x0000029bbffd6310, 0x0000029bbffd7b20
}

Java Threads: ( => current thread )
  0x0000029b946f0360 JavaThread "main" [_thread_blocked, id=30984, stack(0x000000be0ee00000,0x000000be0ef00000)]
  0x0000029bbdafacc0 JavaThread "Reference Handler" daemon [_thread_blocked, id=25332, stack(0x000000be0f500000,0x000000be0f600000)]
  0x0000029bbdafd2e0 JavaThread "Finalizer" daemon [_thread_blocked, id=17744, stack(0x000000be0f600000,0x000000be0f700000)]
  0x0000029bbdb3eb90 JavaThread "Signal Dispatcher" daemon [_thread_blocked, id=9224, stack(0x000000be0f700000,0x000000be0f800000)]
  0x0000029bbdb3f740 JavaThread "Attach Listener" daemon [_thread_blocked, id=30636, stack(0x000000be0f800000,0x000000be0f900000)]
  0x0000029bbdb402f0 JavaThread "Service Thread" daemon [_thread_blocked, id=18392, stack(0x000000be0f900000,0x000000be0fa00000)]
  0x0000029bbdb40ca0 JavaThread "Monitor Deflation Thread" daemon [_thread_blocked, id=32316, stack(0x000000be0fa00000,0x000000be0fb00000)]
  0x0000029bbdb5e940 JavaThread "C2 CompilerThread0" daemon [_thread_blocked, id=32220, stack(0x000000be0fb00000,0x000000be0fc00000)]
  0x0000029bbdb5f3e0 JavaThread "C1 CompilerThread0" daemon [_thread_blocked, id=27200, stack(0x000000be0fc00000,0x000000be0fd00000)]
  0x0000029bbdb689d0 JavaThread "Sweeper thread" daemon [_thread_blocked, id=24528, stack(0x000000be0fd00000,0x000000be0fe00000)]
  0x0000029bbdcc74f0 JavaThread "C1 CompilerThread1" daemon [_thread_blocked, id=8260, stack(0x000000be0fe00000,0x000000be0ff00000)]
  0x0000029bbdcca220 JavaThread "C1 CompilerThread2" daemon [_thread_blocked, id=17824, stack(0x000000be0ff00000,0x000000be10000000)]
  0x0000029bbdcd89c0 JavaThread "Notification Thread" daemon [_thread_blocked, id=11704, stack(0x000000be10000000,0x000000be10100000)]
  0x0000029bbdcf06e0 JavaThread "Common-Cleaner" daemon [_thread_blocked, id=2716, stack(0x000000be10200000,0x000000be10300000)]
  0x0000029bbdd83fd0 JavaThread "C2 CompilerThread1" daemon [_thread_blocked, id=6032, stack(0x000000be10300000,0x000000be10400000)]
  0x0000029bbe9b6680 JavaThread "C1 CompilerThread3" daemon [_thread_blocked, id=27992, stack(0x000000be10400000,0x000000be10500000)]
  0x0000029bbea19c90 JavaThread "C2 CompilerThread2" daemon [_thread_blocked, id=22348, stack(0x000000be10500000,0x000000be10600000)]
  0x0000029bbffa42a0 JavaThread "Java2D Disposer" daemon [_thread_blocked, id=16272, stack(0x000000be11200000,0x000000be11300000)]
  0x0000029bbffa7a40 JavaThread "AWT-Shutdown" [_thread_blocked, id=3784, stack(0x000000be11300000,0x000000be11400000)]
  0x0000029bbffaa9d0 JavaThread "AWT-Windows" daemon [_thread_in_native, id=33240, stack(0x000000be11400000,0x000000be11500000)]
  0x0000029bc01e7f20 JavaThread "AWT-EventQueue-0" [_thread_blocked, id=11724, stack(0x000000be11500000,0x000000be11600000)]
  0x0000029bbfca9f70 JavaThread "tickerAgent" [_thread_blocked, id=34196, stack(0x000000be11d00000,0x000000be11e00000)]
  0x0000029bbffd5970 JavaThread "envAgent" [_thread_blocked, id=23588, stack(0x000000be11e00000,0x000000be11f00000)]
  0x0000029bbffd7180 JavaThread "a1" [_thread_blocked, id=34012, stack(0x000000be11f00000,0x000000be12000000)]
  0x0000029bbffd6cb0 JavaThread "a2" [_thread_blocked, id=16944, stack(0x000000be12000000,0x000000be12100000)]
=>0x0000029bbffd7650 JavaThread "k1" [_thread_in_native, id=20048, stack(0x000000be12100000,0x000000be12200000)]
  0x0000029bbffd6310 JavaThread "TimerQueue" daemon [_thread_blocked, id=33920, stack(0x000000be12200000,0x000000be12300000)]
  0x0000029bbffd7b20 JavaThread "tickerAgent timerservice" [_thread_blocked, id=19828, stack(0x000000be12300000,0x000000be12400000)]

Other Threads:
  0x0000029bbcd9ec40 VMThread "VM Thread" [stack: 0x000000be0f400000,0x000000be0f500000] [id=30584]
  0x0000029bbdaff620 WatcherThread [stack: 0x000000be10100000,0x000000be10200000] [id=28576]
  0x0000029b9479d7c0 GCTaskThread "GC Thread#0" [stack: 0x000000be0ef00000,0x000000be0f000000] [id=18248]
  0x0000029bbec18310 GCTaskThread "GC Thread#1" [stack: 0x000000be10700000,0x000000be10800000] [id=20532]
  0x0000029bbeaeda00 GCTaskThread "GC Thread#2" [stack: 0x000000be10800000,0x000000be10900000] [id=33092]
  0x0000029bbfe92490 GCTaskThread "GC Thread#3" [stack: 0x000000be10900000,0x000000be10a00000] [id=16844]
  0x0000029bc01b3b30 GCTaskThread "GC Thread#4" [stack: 0x000000be10a00000,0x000000be10b00000] [id=32420]
  0x0000029bc07b5770 GCTaskThread "GC Thread#5" [stack: 0x000000be10b00000,0x000000be10c00000] [id=18556]
  0x0000029bbfcf38c0 GCTaskThread "GC Thread#6" [stack: 0x000000be10c00000,0x000000be10d00000] [id=25476]
  0x0000029bbfea83e0 GCTaskThread "GC Thread#7" [stack: 0x000000be10d00000,0x000000be10e00000] [id=31196]
  0x0000029bc0541a30 GCTaskThread "GC Thread#8" [stack: 0x000000be10e00000,0x000000be10f00000] [id=21208]
  0x0000029bbfea8690 GCTaskThread "GC Thread#9" [stack: 0x000000be10f00000,0x000000be11000000] [id=29004]
  0x0000029bbf963e00 GCTaskThread "GC Thread#10" [stack: 0x000000be11000000,0x000000be11100000] [id=2384]
  0x0000029bbfea9310 GCTaskThread "GC Thread#11" [stack: 0x000000be11100000,0x000000be11200000] [id=29628]
  0x0000029bbed827e0 GCTaskThread "GC Thread#12" [stack: 0x000000be11900000,0x000000be11a00000] [id=2848]
  0x0000029b947ae410 ConcurrentGCThread "G1 Main Marker" [stack: 0x000000be0f000000,0x000000be0f100000] [id=31176]
  0x0000029b947aee20 ConcurrentGCThread "G1 Conc#0" [stack: 0x000000be0f100000,0x000000be0f200000] [id=33588]
  0x0000029bbed83ab0 ConcurrentGCThread "G1 Conc#1" [stack: 0x000000be11a00000,0x000000be11b00000] [id=3836]
  0x0000029bbed82d40 ConcurrentGCThread "G1 Conc#2" [stack: 0x000000be11b00000,0x000000be11c00000] [id=27340]
  0x0000029bbed82ff0 ConcurrentGCThread "G1 Conc#3" [stack: 0x000000be11c00000,0x000000be11d00000] [id=24212]
  0x0000029bbcc8d1d0 ConcurrentGCThread "G1 Refine#0" [stack: 0x000000be0f200000,0x000000be0f300000] [id=28336]
  0x0000029bbcc8dbf0 ConcurrentGCThread "G1 Service" [stack: 0x000000be0f300000,0x000000be0f400000] [id=992]

Threads with active compile tasks:

VM state: not at safepoint (normal execution)

VM Mutex/Monitor currently owned by a thread: None

Heap address: 0x0000000605c00000, size: 8100 MB, Compressed Oops mode: Zero based, Oop shift amount: 3

CDS archive(s) not mapped
Compressed class space mapped at: 0x0000000800000000-0x0000000840000000, reserved size: 1073741824
Narrow klass base: 0x0000000800000000, Narrow klass shift: 0, Narrow klass range: 0x40000000

GC Precious Log:
 CPUs: 22 total, 22 available
 Memory: 32396M
 Large Page Support: Disabled
 NUMA Support: Disabled
 Compressed Oops: Enabled (Zero based)
 Heap Region Size: 4M
 Heap Min Capacity: 8M
 Heap Initial Capacity: 508M
 Heap Max Capacity: 8100M
 Pre-touch: Disabled
 Parallel Workers: 16
 Concurrent Workers: 4
 Concurrent Refinement Workers: 16
 Periodic GC: Disabled

Heap:
 garbage-first heap   total 57344K, used 27862K [0x0000000605c00000, 0x0000000800000000)
  region size 4096K, 7 young (28672K), 1 survivors (4096K)
 Metaspace       used 23408K, committed 23616K, reserved 1073152K
  class space    used 2513K, committed 2624K, reserved 1048576K

Heap Regions: E=young(eden), S=young(survivor), O=old, HS=humongous(starts), HC=humongous(continues), CS=collection set, F=free, OA=open archive, CA=closed archive, TAMS=top-at-mark-start (previous, next)
|   0|0x0000000605c00000, 0x0000000606000000, 0x0000000606000000|100%| O|  |TAMS 0x0000000606000000, 0x0000000605c00000| Untracked 
|   1|0x0000000606000000, 0x0000000606153800, 0x0000000606400000| 33%| O|  |TAMS 0x0000000606153800, 0x0000000606000000| Complete 
|   2|0x0000000606400000, 0x0000000606400000, 0x0000000606800000|  0%| F|  |TAMS 0x0000000606400000, 0x0000000606400000| Untracked 
|   3|0x0000000606800000, 0x0000000606800000, 0x0000000606c00000|  0%| F|  |TAMS 0x0000000606800000, 0x0000000606800000| Untracked 
|   4|0x0000000606c00000, 0x0000000606c00000, 0x0000000607000000|  0%| F|  |TAMS 0x0000000606c00000, 0x0000000606c00000| Untracked 
|   5|0x0000000607000000, 0x0000000607000000, 0x0000000607400000|  0%| F|  |TAMS 0x0000000607000000, 0x0000000607000000| Untracked 
|   6|0x0000000607400000, 0x0000000607400000, 0x0000000607800000|  0%| F|  |TAMS 0x0000000607400000, 0x0000000607400000| Untracked 
|   7|0x0000000607800000, 0x0000000607933b50, 0x0000000607c00000| 30%| E|  |TAMS 0x0000000607800000, 0x0000000607800000| Complete 
|   8|0x0000000607c00000, 0x0000000608000000, 0x0000000608000000|100%| E|CS|TAMS 0x0000000607c00000, 0x0000000607c00000| Complete 
|   9|0x0000000608000000, 0x0000000608400000, 0x0000000608400000|100%| E|CS|TAMS 0x0000000608000000, 0x0000000608000000| Complete 
|  10|0x0000000608400000, 0x0000000608800000, 0x0000000608800000|100%| E|CS|TAMS 0x0000000608400000, 0x0000000608400000| Complete 
|  11|0x0000000608800000, 0x0000000608c00000, 0x0000000608c00000|100%| E|CS|TAMS 0x0000000608800000, 0x0000000608800000| Complete 
| 120|0x0000000623c00000, 0x0000000623de20a0, 0x0000000624000000| 47%| S|CS|TAMS 0x0000000623c00000, 0x0000000623c00000| Complete 
| 126|0x0000000625400000, 0x0000000625800000, 0x0000000625800000|100%| E|CS|TAMS 0x0000000625400000, 0x0000000625400000| Complete 

Card table byte_map: [0x0000029ba8960000,0x0000029ba9940000] _byte_map_base: 0x0000029ba5932000

Marking Bits (Prev, Next): (CMBitMap*) 0x0000029b9479de10, (CMBitMap*) 0x0000029b9479ddd0
 Prev Bits: [0x0000029bb27b0000, 0x0000029bba640000)
 Next Bits: [0x0000029baa920000, 0x0000029bb27b0000)

Polling page: 0x0000029b923e0000

Metaspace:

Usage:
  Non-class:     20.41 MB used.
      Class:      2.45 MB used.
       Both:     22.86 MB used.

Virtual space:
  Non-class space:       24.00 MB reserved,      20.50 MB ( 85%) committed,  3 nodes.
      Class space:        1.00 GB reserved,       2.56 MB ( <1%) committed,  1 nodes.
             Both:        1.02 GB reserved,      23.06 MB (  2%) committed. 

Chunk freelists:
   Non-Class:  2.58 MB
       Class:  1.45 MB
        Both:  4.03 MB

MaxMetaspaceSize: unlimited
CompressedClassSpaceSize: 1.00 GB
Initial GC threshold: 21.00 MB
Current GC threshold: 35.12 MB
CDS: off
MetaspaceReclaimPolicy: balanced
 - commit_granule_bytes: 65536.
 - commit_granule_words: 8192.
 - virtual_space_node_default_size: 1048576.
 - enlarge_chunks_in_place: 1.
 - new_chunks_are_fully_committed: 0.
 - uncommit_free_chunks: 1.
 - use_allocation_guard: 0.
 - handle_deallocations: 1.


Internal statistics:

num_allocs_failed_limit: 3.
num_arena_births: 138.
num_arena_deaths: 0.
num_vsnodes_births: 4.
num_vsnodes_deaths: 0.
num_space_committed: 368.
num_space_uncommitted: 0.
num_chunks_returned_to_freelist: 3.
num_chunks_taken_from_freelist: 392.
num_chunk_merges: 0.
num_chunk_splits: 255.
num_chunks_enlarged: 192.
num_purges: 0.
num_inconsistent_stats: 0.

CodeHeap 'non-profiled nmethods': size=119168Kb used=1041Kb max_used=1041Kb free=118127Kb
 bounds [0x0000029b9f940000, 0x0000029b9fbb0000, 0x0000029ba6da0000]
CodeHeap 'profiled nmethods': size=119104Kb used=4461Kb max_used=4461Kb free=114642Kb
 bounds [0x0000029b984f0000, 0x0000029b98950000, 0x0000029b9f940000]
CodeHeap 'non-nmethods': size=7488Kb used=3000Kb max_used=3031Kb free=4487Kb
 bounds [0x0000029b97da0000, 0x0000029b980a0000, 0x0000029b984f0000]
 total_blobs=3026 nmethods=2384 adapters=551
 compilation: enabled
              stopped_count=0, restarted_count=0
 full_count=0

Compilation events (20 events):
Event: 1.011 Thread 0x0000029bbe9b6680 2222       1       goal.core.agent.GOALInterpreter::access$000 (5 bytes)
Event: 1.012 Thread 0x0000029bbe9b6680 nmethod 2222 0x0000029b9fa2ac10 code [0x0000029b9fa2ada0, 0x0000029b9fa2ae58]
Event: 1.013 Thread 0x0000029bbdcca220 2223       1       goal.tools.debugger.SteppingDebugger::keepRunning (5 bytes)
Event: 1.013 Thread 0x0000029bbdd83fd0 2224       4       java.lang.Integer::numberOfLeadingZeros (79 bytes)
Event: 1.013 Thread 0x0000029bbdcca220 nmethod 2223 0x0000029b9fa2af10 code [0x0000029b9fa2b0a0, 0x0000029b9fa2b178]
Event: 1.013 Thread 0x0000029bbdcc74f0 2225       3       java.util.HashMap::containsKey (14 bytes)
Event: 1.013 Thread 0x0000029bbdcc74f0 nmethod 2225 0x0000029b98902590 code [0x0000029b98902740, 0x0000029b989028e8]
Event: 1.013 Thread 0x0000029bbdd83fd0 nmethod 2224 0x0000029b9fa2b210 code [0x0000029b9fa2b380, 0x0000029b9fa2b438]
Event: 1.013 Thread 0x0000029bbeaa60d0 2226       4       java.util.AbstractCollection::addAll (42 bytes)
Event: 1.014 Thread 0x0000029bbe9b6680 2227       1       goal.core.runtime.service.agent.RunState::getEventGenerator (5 bytes)
Event: 1.014 Thread 0x0000029bbe9b6680 nmethod 2227 0x0000029b9fa2b510 code [0x0000029b9fa2b6a0, 0x0000029b9fa2b778]
Event: 1.015 Thread 0x0000029bbdd83fd0 2228       4       java.lang.StringLatin1::indexOf (121 bytes)
Event: 1.015 Thread 0x0000029bbdcc74f0 2229       1       goal.core.executors.stack.CallStack::getPopped (5 bytes)
Event: 1.015 Thread 0x0000029bbdcc74f0 nmethod 2229 0x0000029b9fa2b810 code [0x0000029b9fa2b9a0, 0x0000029b9fa2ba78]
Event: 1.015 Thread 0x0000029bbea19c90 2230       4       java.lang.StringConcatHelper::prepend (37 bytes)
Event: 1.015 Thread 0x0000029bbe9b6680 2231       3       languageTools.program.agent.actions.Action::addParameter (28 bytes)
Event: 1.015 Thread 0x0000029bbdcca220 2232       3       org.jpl7.fli.term_t::<init> (12 bytes)
Event: 1.015 Thread 0x0000029bbdcc74f0 2233       3       org.jpl7.fli.LongHolder::<init> (10 bytes)
Event: 1.016 Thread 0x0000029bbdb5f3e0 2235       3       org.jpl7.Term::putTerms (58 bytes)
Event: 1.016 Thread 0x0000029bbe9b6680 nmethod 2231 0x0000029b98902990 code [0x0000029b98902b60, 0x0000029b98902ee8]

GC Heap History (8 events):
Event: 0.461 GC heap before
{Heap before GC invocations=0 (full 0):
 garbage-first heap   total 520192K, used 24576K [0x0000000605c00000, 0x0000000800000000)
  region size 4096K, 6 young (24576K), 0 survivors (0K)
 Metaspace       used 13837K, committed 14016K, reserved 1064960K
  class space    used 1365K, committed 1472K, reserved 1048576K
}
Event: 0.465 GC heap after
{Heap after GC invocations=1 (full 0):
 garbage-first heap   total 520192K, used 5485K [0x0000000605c00000, 0x0000000800000000)
  region size 4096K, 1 young (4096K), 1 survivors (4096K)
 Metaspace       used 13837K, committed 14016K, reserved 1064960K
  class space    used 1365K, committed 1472K, reserved 1048576K
}
Event: 0.523 GC heap before
{Heap before GC invocations=1 (full 0):
 garbage-first heap   total 520192K, used 25965K [0x0000000605c00000, 0x0000000800000000)
  region size 4096K, 6 young (24576K), 1 survivors (4096K)
 Metaspace       used 14025K, committed 14208K, reserved 1064960K
  class space    used 1383K, committed 1472K, reserved 1048576K
}
Event: 0.525 GC heap after
{Heap after GC invocations=2 (full 0):
 garbage-first heap   total 520192K, used 5754K [0x0000000605c00000, 0x0000000800000000)
  region size 4096K, 1 young (4096K), 1 survivors (4096K)
 Metaspace       used 14025K, committed 14208K, reserved 1064960K
  class space    used 1383K, committed 1472K, reserved 1048576K
}
Event: 0.651 GC heap before
{Heap before GC invocations=2 (full 0):
 garbage-first heap   total 520192K, used 54906K [0x0000000605c00000, 0x0000000800000000)
  region size 4096K, 13 young (53248K), 1 survivors (4096K)
 Metaspace       used 14430K, committed 14592K, reserved 1064960K
  class space    used 1413K, committed 1472K, reserved 1048576K
}
Event: 0.652 GC heap after
{Heap after GC invocations=3 (full 0):
 garbage-first heap   total 520192K, used 6196K [0x0000000605c00000, 0x0000000800000000)
  region size 4096K, 1 young (4096K), 1 survivors (4096K)
 Metaspace       used 14430K, committed 14592K, reserved 1064960K
  class space    used 1413K, committed 1472K, reserved 1048576K
}
Event: 0.916 GC heap before
{Heap before GC invocations=3 (full 0):
 garbage-first heap   total 520192K, used 26676K [0x0000000605c00000, 0x0000000800000000)
  region size 4096K, 7 young (28672K), 1 survivors (4096K)
 Metaspace       used 21284K, committed 21504K, reserved 1073152K
  class space    used 2248K, committed 2368K, reserved 1048576K
}
Event: 0.918 GC heap after
{Heap after GC invocations=4 (full 0):
 garbage-first heap   total 520192K, used 7382K [0x0000000605c00000, 0x0000000800000000)
  region size 4096K, 1 young (4096K), 1 survivors (4096K)
 Metaspace       used 21284K, committed 21504K, reserved 1073152K
  class space    used 2248K, committed 2368K, reserved 1048576K
}

Deoptimization events (20 events):
Event: 0.971 Thread 0x0000029bc01e7f20 Uncommon trap: trap_request=0xffffff3d fr.pc=0x0000029b9f9be2a0 relative=0x00000000000000a0
Event: 0.971 Thread 0x0000029bc01e7f20 Uncommon trap: reason=unstable_fused_if action=reinterpret pc=0x0000029b9f9be2a0 method=java.lang.StrictMath.floorOrCeil(DDDD)D @ 8 c2
Event: 0.971 Thread 0x0000029bc01e7f20 DEOPT PACKING pc=0x0000029b9f9be2a0 sp=0x000000be115fe160
Event: 0.971 Thread 0x0000029bc01e7f20 DEOPT UNPACKING pc=0x0000029b97df23a3 sp=0x000000be115fe030 mode 2
Event: 0.983 Thread 0x0000029bbfca9f70 Uncommon trap: trap_request=0xffffff45 fr.pc=0x0000029b9f9f3640 relative=0x0000000000000dc0
Event: 0.983 Thread 0x0000029bbfca9f70 Uncommon trap: reason=unstable_if action=reinterpret pc=0x0000029b9f9f3640 method=java.util.HashMap.putVal(ILjava/lang/Object;Ljava/lang/Object;ZZ)Ljava/lang/Object; @ 236 c2
Event: 0.983 Thread 0x0000029bbfca9f70 DEOPT PACKING pc=0x0000029b9f9f3640 sp=0x000000be11dfe540
Event: 0.983 Thread 0x0000029bbfca9f70 DEOPT UNPACKING pc=0x0000029b97df23a3 sp=0x000000be11dfe508 mode 2
Event: 1.011 Thread 0x0000029bbffd7180 Uncommon trap: trap_request=0xffffff45 fr.pc=0x0000029b9f9d9fec relative=0x000000000000024c
Event: 1.011 Thread 0x0000029bbfca9f70 Uncommon trap: trap_request=0xffffff45 fr.pc=0x0000029b9f9d9fec relative=0x000000000000024c
Event: 1.011 Thread 0x0000029bbffd7180 Uncommon trap: reason=unstable_if action=reinterpret pc=0x0000029b9f9d9fec method=java.util.HashMap.hash(Ljava/lang/Object;)I @ 1 c2
Event: 1.011 Thread 0x0000029bbfca9f70 Uncommon trap: reason=unstable_if action=reinterpret pc=0x0000029b9f9d9fec method=java.util.HashMap.hash(Ljava/lang/Object;)I @ 1 c2
Event: 1.011 Thread 0x0000029bbffd7650 Uncommon trap: trap_request=0xffffff45 fr.pc=0x0000029b9f9d9fec relative=0x000000000000024c
Event: 1.011 Thread 0x0000029bbfca9f70 DEOPT PACKING pc=0x0000029b9f9d9fec sp=0x000000be11dfefe0
Event: 1.011 Thread 0x0000029bbffd7180 DEOPT PACKING pc=0x0000029b9f9d9fec sp=0x000000be11fff150
Event: 1.011 Thread 0x0000029bbffd7180 DEOPT UNPACKING pc=0x0000029b97df23a3 sp=0x000000be11ffeff0 mode 2
Event: 1.011 Thread 0x0000029bbfca9f70 DEOPT UNPACKING pc=0x0000029b97df23a3 sp=0x000000be11dfee80 mode 2
Event: 1.011 Thread 0x0000029bbffd7650 Uncommon trap: reason=unstable_if action=reinterpret pc=0x0000029b9f9d9fec method=java.util.HashMap.hash(Ljava/lang/Object;)I @ 1 c2
Event: 1.011 Thread 0x0000029bbffd7650 DEOPT PACKING pc=0x0000029b9f9d9fec sp=0x000000be121feeb0
Event: 1.011 Thread 0x0000029bbffd7650 DEOPT UNPACKING pc=0x0000029b97df23a3 sp=0x000000be121fed50 mode 2

Classes unloaded (0 events):
No events

Classes redefined (0 events):
No events

Internal exceptions (20 events):
Event: 0.728 Thread 0x0000029b946f0360 Exception <a 'java/io/FileNotFoundException'{0x00000006246c6978}> (0x00000006246c6978) 
thrown [e:\jenkins\tmp\workspace\build\src\src\hotspot\share\prims\jni.cpp, line 516]
Event: 0.732 Thread 0x0000029b946f0360 Exception <a 'java/io/FileNotFoundException'{0x00000006246f38e8}> (0x00000006246f38e8) 
thrown [e:\jenkins\tmp\workspace\build\src\src\hotspot\share\prims\jni.cpp, line 516]
Event: 0.788 Thread 0x0000029b946f0360 Exception <a 'java/lang/NoSuchMethodError'{0x000000062477a868}: 'void java.lang.invoke.DirectMethodHandle$Holder.invokeSpecial(java.lang.Object, java.lang.Object, java.lang.Object)'> (0x000000062477a868) 
thrown [e:\jenkins\tmp\workspace\build\src\src\hotspot\share\interpreter\linkResolver.cpp, line 766]
Event: 0.795 Thread 0x0000029b946f0360 Exception <a 'java/lang/NoSuchMethodError'{0x00000006247a4900}: 'java.lang.Object java.lang.invoke.DirectMethodHandle$Holder.newInvokeSpecial(java.lang.Object, java.lang.Object, java.lang.Object, java.lang.Object, java.lang.Object)'> (0x00000006247a4900) 
thrown [e:\jenkins\tmp\workspace\build\src\src\hotspot\share\interpreter\linkResolver.cpp, line 766]
Event: 0.797 Thread 0x0000029b946f0360 Exception <a 'java/lang/NoSuchMethodError'{0x00000006247b02c8}: 'java.lang.Object java.lang.invoke.DirectMethodHandle$Holder.invokeStatic(java.lang.Object, int, java.lang.Object, java.lang.Object, java.lang.Object, java.lang.Object)'> (0x00000006247b02c8) 
thrown [e:\jenkins\tmp\workspace\build\src\src\hotspot\share\interpreter\linkResolver.cpp, line 766]
Event: 0.801 Thread 0x0000029b946f0360 Exception <a 'java/lang/NoSuchMethodError'{0x00000006247d5dd8}: 'java.lang.Object java.lang.invoke.DirectMethodHandle$Holder.invokeStatic(java.lang.Object, int, java.lang.Object)'> (0x00000006247d5dd8) 
thrown [e:\jenkins\tmp\workspace\build\src\src\hotspot\share\interpreter\linkResolver.cpp, line 766]
Event: 0.820 Thread 0x0000029b946f0360 Exception <a 'java/lang/ClassNotFoundException'{0x0000000624212578}: com/sun/swing/internal/plaf/metal/resources/spi/metalProvider> (0x0000000624212578) 
thrown [e:\jenkins\tmp\workspace\build\src\src\hotspot\share\classfile\systemDictionary.cpp, line 256]
Event: 0.820 Thread 0x0000029b946f0360 Exception <a 'java/lang/ClassNotFoundException'{0x0000000624216f70}: com/sun/swing/internal/plaf/basic/resources/spi/basicProvider> (0x0000000624216f70) 
thrown [e:\jenkins\tmp\workspace\build\src\src\hotspot\share\classfile\systemDictionary.cpp, line 256]
Event: 0.823 Thread 0x0000029b946f0360 Implicit null exception at 0x0000029b9f9f403e to 0x0000029b9f9f4ef6
Event: 0.825 Thread 0x0000029b946f0360 Implicit null exception at 0x0000029b9f9f756b to 0x0000029b9f9f7744
Event: 0.826 Thread 0x0000029b946f0360 Implicit null exception at 0x0000029b9f9adb6b to 0x0000029b9f9add4c
Event: 0.826 Thread 0x0000029b946f0360 Implicit null exception at 0x0000029b9f9f5c8f to 0x0000029b9f9f5d09
Event: 0.868 Thread 0x0000029b946f0360 Exception <a 'java/lang/NoSuchMethodError'{0x000000062428e930}: 'void java.lang.invoke.DirectMethodHandle$Holder.invokeStaticInit(java.lang.Object)'> (0x000000062428e930) 
thrown [e:\jenkins\tmp\workspace\build\src\src\hotspot\share\interpreter\linkResolver.cpp, line 766]
Event: 0.938 Thread 0x0000029bbffaa9d0 Exception <a 'java/lang/NoSuchMethodError'{0x0000000608801428}: 'void java.lang.invoke.DirectMethodHandle$Holder.invokeVirtual(java.lang.Object, java.lang.Object)'> (0x0000000608801428) 
thrown [e:\jenkins\tmp\workspace\build\src\src\hotspot\share\interpreter\linkResolver.cpp, line 766]
Event: 0.984 Thread 0x0000029bbffd5970 Exception <a 'java/lang/NoSuchMethodError'{0x00000006085375b0}: 'int java.lang.invoke.DirectMethodHandle$Holder.invokeSpecial(java.lang.Object, java.lang.Object, java.lang.Object)'> (0x00000006085375b0) 
thrown [e:\jenkins\tmp\workspace\build\src\src\hotspot\share\interpreter\linkResolver.cpp, line 766]
Event: 0.984 Thread 0x0000029bbffd7180 Exception <a 'java/lang/NoSuchMethodError'{0x000000060866a9f0}: 'int java.lang.invoke.DirectMethodHandle$Holder.invokeSpecial(java.lang.Object, java.lang.Object, java.lang.Object)'> (0x000000060866a9f0) 
thrown [e:\jenkins\tmp\workspace\build\src\src\hotspot\share\interpreter\linkResolver.cpp, line 766]
Event: 0.984 Thread 0x0000029bbffd7650 Exception <a 'java/lang/NoSuchMethodError'{0x000000060813af30}: 'int java.lang.invoke.DirectMethodHandle$Holder.invokeSpecial(java.lang.Object, java.lang.Object, java.lang.Object)'> (0x000000060813af30) 
thrown [e:\jenkins\tmp\workspace\build\src\src\hotspot\share\interpreter\linkResolver.cpp, line 766]
Event: 1.011 Thread 0x0000029bbffd7180 Implicit null exception at 0x0000029b9f9d9ded to 0x0000029b9f9d9fcc
Event: 1.011 Thread 0x0000029bbfca9f70 Implicit null exception at 0x0000029b9f9d9ded to 0x0000029b9f9d9fcc
Event: 1.011 Thread 0x0000029bbffd7650 Implicit null exception at 0x0000029b9f9d9ded to 0x0000029b9f9d9fcc

VM Operations (20 events):
Event: 0.523 Executing VM operation: G1CollectForAllocation
Event: 0.525 Executing VM operation: G1CollectForAllocation done
Event: 0.603 Executing VM operation: ICBufferFull
Event: 0.603 Executing VM operation: ICBufferFull done
Event: 0.651 Executing VM operation: G1CollectForAllocation
Event: 0.652 Executing VM operation: G1CollectForAllocation done
Event: 0.887 Executing VM operation: HandshakeAllThreads
Event: 0.887 Executing VM operation: HandshakeAllThreads done
Event: 0.907 Executing VM operation: HandshakeAllThreads
Event: 0.907 Executing VM operation: HandshakeAllThreads done
Event: 0.910 Executing VM operation: HandshakeAllThreads
Event: 0.910 Executing VM operation: HandshakeAllThreads done
Event: 0.916 Executing VM operation: CollectForMetadataAllocation
Event: 0.918 Executing VM operation: CollectForMetadataAllocation done
Event: 0.922 Executing VM operation: G1Concurrent
Event: 0.924 Executing VM operation: G1Concurrent done
Event: 0.925 Executing VM operation: G1Concurrent
Event: 0.925 Executing VM operation: G1Concurrent done
Event: 0.997 Executing VM operation: HandshakeAllThreads
Event: 0.997 Executing VM operation: HandshakeAllThreads done

Events (20 events):
Event: 0.988 loading class java/util/Stack
Event: 0.988 loading class java/util/Stack done
Event: 0.999 loading class java/lang/invoke/DirectMethodHandle$Special
Event: 0.999 loading class java/lang/invoke/DirectMethodHandle$Special done
Event: 0.999 loading class java/util/concurrent/ScheduledThreadPoolExecutor
Event: 0.999 loading class java/util/concurrent/ScheduledExecutorService
Event: 0.999 loading class java/util/concurrent/ScheduledExecutorService done
Event: 0.999 loading class java/util/concurrent/ScheduledThreadPoolExecutor done
Event: 0.999 loading class java/util/concurrent/ScheduledThreadPoolExecutor$DelayedWorkQueue
Event: 1.000 loading class java/util/concurrent/ScheduledThreadPoolExecutor$DelayedWorkQueue done
Event: 1.000 loading class java/util/concurrent/RunnableScheduledFuture
Event: 1.000 loading class java/util/concurrent/RunnableFuture
Event: 1.000 loading class java/util/concurrent/Future
Event: 1.000 loading class java/util/concurrent/Future done
Event: 1.000 loading class java/util/concurrent/RunnableFuture done
Event: 1.000 loading class java/util/concurrent/ScheduledFuture
Event: 1.000 loading class java/util/concurrent/ScheduledFuture done
Event: 1.000 loading class java/util/concurrent/RunnableScheduledFuture done
Event: 1.004 loading class java/util/concurrent/ConcurrentLinkedQueue$Itr
Event: 1.004 loading class java/util/concurrent/ConcurrentLinkedQueue$Itr done


Dynamic libraries:
0x00007ff740f80000 - 0x00007ff740f8e000 	C:\Users\paubl\RepastSimphony-2.10.0\eclipse\plugins\org.eclipse.justj.openjdk.hotspot.jre.full.win32.x86_64_17.0.3.v20220515-1416\jre\bin\java.exe
0x00007ffb90ad0000 - 0x00007ffb90ce7000 	C:\Windows\SYSTEM32\ntdll.dll
0x00007ffb8f460000 - 0x00007ffb8f524000 	C:\Windows\System32\KERNEL32.DLL
0x00007ffb8e1f0000 - 0x00007ffb8e597000 	C:\Windows\System32\KERNELBASE.dll
0x00007ffb8ddf0000 - 0x00007ffb8df01000 	C:\Windows\System32\ucrtbase.dll
0x00007ffb71c10000 - 0x00007ffb71c28000 	C:\Users\paubl\RepastSimphony-2.10.0\eclipse\plugins\org.eclipse.justj.openjdk.hotspot.jre.full.win32.x86_64_17.0.3.v20220515-1416\jre\bin\jli.dll
0x00007ffb90300000 - 0x00007ffb904ae000 	C:\Windows\System32\USER32.dll
0x00007ffb71bf0000 - 0x00007ffb71c09000 	C:\Users\paubl\RepastSimphony-2.10.0\eclipse\plugins\org.eclipse.justj.openjdk.hotspot.jre.full.win32.x86_64_17.0.3.v20220515-1416\jre\bin\VCRUNTIME140.dll
0x00007ffb8e5a0000 - 0x00007ffb8e5c6000 	C:\Windows\System32\win32u.dll
0x00007ffb8f6d0000 - 0x00007ffb8f6f9000 	C:\Windows\System32\GDI32.dll
0x00007ffb8e670000 - 0x00007ffb8e789000 	C:\Windows\System32\gdi32full.dll
0x00007ffb8e5d0000 - 0x00007ffb8e66a000 	C:\Windows\System32\msvcp_win.dll
0x00007ffb82130000 - 0x00007ffb823c3000 	C:\Windows\WinSxS\amd64_microsoft.windows.common-controls_6595b64144ccf1df_6.0.22621.3527_none_270e469b73872a76\COMCTL32.dll
0x00007ffb907c0000 - 0x00007ffb90867000 	C:\Windows\System32\msvcrt.dll
0x00007ffb8f320000 - 0x00007ffb8f351000 	C:\Windows\System32\IMM32.DLL
0x00007ffb71ea0000 - 0x00007ffb71eac000 	C:\Users\paubl\RepastSimphony-2.10.0\eclipse\plugins\org.eclipse.justj.openjdk.hotspot.jre.full.win32.x86_64_17.0.3.v20220515-1416\jre\bin\vcruntime140_1.dll
0x00007ffb21650000 - 0x00007ffb216e1000 	C:\Users\paubl\RepastSimphony-2.10.0\eclipse\plugins\org.eclipse.justj.openjdk.hotspot.jre.full.win32.x86_64_17.0.3.v20220515-1416\jre\bin\msvcp140.dll
0x00007ffac1710000 - 0x00007ffac2358000 	C:\Users\paubl\RepastSimphony-2.10.0\eclipse\plugins\org.eclipse.justj.openjdk.hotspot.jre.full.win32.x86_64_17.0.3.v20220515-1416\jre\bin\server\jvm.dll
0x00007ffb8fd20000 - 0x00007ffb8fdd2000 	C:\Windows\System32\ADVAPI32.dll
0x00007ffb90250000 - 0x00007ffb902f8000 	C:\Windows\System32\sechost.dll
0x00007ffb8e1c0000 - 0x00007ffb8e1e8000 	C:\Windows\System32\bcrypt.dll
0x00007ffb906a0000 - 0x00007ffb907b5000 	C:\Windows\System32\RPCRT4.dll
0x00007ffb90240000 - 0x00007ffb90248000 	C:\Windows\System32\PSAPI.DLL
0x00007ffb71c70000 - 0x00007ffb71c79000 	C:\Windows\SYSTEM32\WSOCK32.dll
0x00007ffb8f360000 - 0x00007ffb8f3d1000 	C:\Windows\System32\WS2_32.dll
0x00007ffb83fb0000 - 0x00007ffb83fe4000 	C:\Windows\SYSTEM32\WINMM.dll
0x00007ffb81e40000 - 0x00007ffb81e4a000 	C:\Windows\SYSTEM32\VERSION.dll
0x00007ffb8cdd0000 - 0x00007ffb8cde8000 	C:\Windows\SYSTEM32\kernel.appcore.dll
0x00007ffb71360000 - 0x00007ffb7136a000 	C:\Users\paubl\RepastSimphony-2.10.0\eclipse\plugins\org.eclipse.justj.openjdk.hotspot.jre.full.win32.x86_64_17.0.3.v20220515-1416\jre\bin\jimage.dll
0x00007ffb8b040000 - 0x00007ffb8b272000 	C:\Windows\SYSTEM32\DBGHELP.DLL
0x00007ffb8fe30000 - 0x00007ffb901b8000 	C:\Windows\System32\combase.dll
0x00007ffb905c0000 - 0x00007ffb90697000 	C:\Windows\System32\OLEAUT32.dll
0x00007ffb83f70000 - 0x00007ffb83fa2000 	C:\Windows\SYSTEM32\dbgcore.DLL
0x00007ffb8df10000 - 0x00007ffb8df89000 	C:\Windows\System32\bcryptPrimitives.dll
0x00007ffb71050000 - 0x00007ffb71075000 	C:\Users\paubl\RepastSimphony-2.10.0\eclipse\plugins\org.eclipse.justj.openjdk.hotspot.jre.full.win32.x86_64_17.0.3.v20220515-1416\jre\bin\java.dll
0x00007ffb70f70000 - 0x00007ffb70f88000 	C:\Users\paubl\RepastSimphony-2.10.0\eclipse\plugins\org.eclipse.justj.openjdk.hotspot.jre.full.win32.x86_64_17.0.3.v20220515-1416\jre\bin\zip.dll
0x00007ffb8e9b0000 - 0x00007ffb8f20c000 	C:\Windows\System32\SHELL32.dll
0x00007ffb8bce0000 - 0x00007ffb8c5d6000 	C:\Windows\SYSTEM32\windows.storage.dll
0x00007ffb8bba0000 - 0x00007ffb8bcde000 	C:\Windows\SYSTEM32\wintypes.dll
0x00007ffb8f700000 - 0x00007ffb8f7f5000 	C:\Windows\System32\SHCORE.dll
0x00007ffb90870000 - 0x00007ffb908ce000 	C:\Windows\System32\shlwapi.dll
0x00007ffb8dd20000 - 0x00007ffb8dd41000 	C:\Windows\SYSTEM32\profapi.dll
0x00007ffb6bd50000 - 0x00007ffb6bd69000 	C:\Users\paubl\RepastSimphony-2.10.0\eclipse\plugins\org.eclipse.justj.openjdk.hotspot.jre.full.win32.x86_64_17.0.3.v20220515-1416\jre\bin\net.dll
0x00007ffb84f70000 - 0x00007ffb850a6000 	C:\Windows\SYSTEM32\WINHTTP.dll
0x00007ffb8d240000 - 0x00007ffb8d2a9000 	C:\Windows\system32\mswsock.dll
0x00007ffb67340000 - 0x00007ffb67355000 	C:\Users\paubl\RepastSimphony-2.10.0\eclipse\plugins\org.eclipse.justj.openjdk.hotspot.jre.full.win32.x86_64_17.0.3.v20220515-1416\jre\bin\nio.dll
0x00007ffb8d470000 - 0x00007ffb8d48b000 	C:\Windows\SYSTEM32\CRYPTSP.dll
0x00007ffb8cd30000 - 0x00007ffb8cd65000 	C:\Windows\system32\rsaenh.dll
0x00007ffb8d300000 - 0x00007ffb8d328000 	C:\Windows\SYSTEM32\USERENV.dll
0x00007ffb8d460000 - 0x00007ffb8d46c000 	C:\Windows\SYSTEM32\CRYPTBASE.dll
0x00007ffb8c880000 - 0x00007ffb8c8ad000 	C:\Windows\SYSTEM32\IPHLPAPI.DLL
0x00007ffb8f890000 - 0x00007ffb8f899000 	C:\Windows\System32\NSI.dll
0x00007ffb84d50000 - 0x00007ffb84d69000 	C:\Windows\SYSTEM32\dhcpcsvc6.DLL
0x00007ffb84c50000 - 0x00007ffb84c6f000 	C:\Windows\SYSTEM32\dhcpcsvc.DLL
0x00007ffb8c8b0000 - 0x00007ffb8c9a8000 	C:\Windows\SYSTEM32\DNSAPI.dll
0x00007ffb71b50000 - 0x00007ffb71b91000 	C:\Users\paubl\AppData\Local\Temp\jna-106439662\jna3861518831456633570.dll
0x00007ffb8e800000 - 0x00007ffb8e9a5000 	C:\Windows\System32\Ole32.dll
0x0000000064940000 - 0x0000000064957000 	C:\Users\paubl\AppData\Local\GOAL\swilibs\1.4.1-SNAPSHOT\win64\libwinpthread-1.dll
0x0000000061440000 - 0x000000006153a000 	C:\Users\paubl\AppData\Local\GOAL\swilibs\1.4.1-SNAPSHOT\win64\libgcc_s_seh-1.dll
0x000000006acc0000 - 0x000000006ad37000 	C:\Users\paubl\AppData\Local\GOAL\swilibs\1.4.1-SNAPSHOT\win64\libgmp-10.dll
0x0000000065080000 - 0x00000000650a0000 	C:\Users\paubl\AppData\Local\GOAL\swilibs\1.4.1-SNAPSHOT\win64\zlib1.dll
0x0000000068f40000 - 0x00000000690d5000 	C:\Users\paubl\AppData\Local\GOAL\swilibs\1.4.1-SNAPSHOT\win64\libswipl.dll
0x0000000069380000 - 0x0000000069398000 	C:\Users\paubl\AppData\Local\GOAL\swilibs\1.4.1-SNAPSHOT\win64\jpl.dll
0x00007ffb1be80000 - 0x00007ffb1c00e000 	C:\Users\paubl\RepastSimphony-2.10.0\eclipse\plugins\org.eclipse.justj.openjdk.hotspot.jre.full.win32.x86_64_17.0.3.v20220515-1416\jre\bin\awt.dll
0x00007ffb8ac10000 - 0x00007ffb8aca7000 	C:\Windows\SYSTEM32\apphelp.dll
0x00007ffb8b4c0000 - 0x00007ffb8b4eb000 	C:\Windows\system32\DWMAPI.DLL
0x00007ffb8adc0000 - 0x00007ffb8ae6b000 	C:\Windows\system32\uxtheme.dll
0x00007ffb1b7d0000 - 0x00007ffb1b8d0000 	C:\Windows\system32\opengl32.dll
0x00007ffb71ae0000 - 0x00007ffb71b0d000 	C:\Windows\SYSTEM32\GLU32.dll
0x00007ffb8b000000 - 0x00007ffb8b039000 	C:\Windows\SYSTEM32\dxcore.dll
0x00007ffb8f570000 - 0x00007ffb8f6c3000 	C:\Windows\System32\MSCTF.dll
0x00007ffb71be0000 - 0x00007ffb71be9000 	C:\Users\paubl\RepastSimphony-2.10.0\eclipse\plugins\org.eclipse.justj.openjdk.hotspot.jre.full.win32.x86_64_17.0.3.v20220515-1416\jre\bin\prefs.dll
0x00007ffb28160000 - 0x00007ffb281e9000 	C:\Users\paubl\RepastSimphony-2.10.0\eclipse\plugins\org.eclipse.justj.openjdk.hotspot.jre.full.win32.x86_64_17.0.3.v20220515-1416\jre\bin\freetype.dll
0x00007ffb1b720000 - 0x00007ffb1b7c8000 	C:\Users\paubl\RepastSimphony-2.10.0\eclipse\plugins\org.eclipse.justj.openjdk.hotspot.jre.full.win32.x86_64_17.0.3.v20220515-1416\jre\bin\fontmanager.dll
0x00007ffb8f210000 - 0x00007ffb8f2c0000 	C:\Windows\System32\clbcatq.dll
0x00007ffb898c0000 - 0x00007ffb89a70000 	C:\Windows\SYSTEM32\WindowsCodecs.dll
0x00007ffb6df80000 - 0x00007ffb6dfde000 	C:\Windows\system32\dataexchange.dll
0x00007ffb80d90000 - 0x00007ffb8101b000 	C:\Windows\system32\twinapi.appcore.dll
0x00007ffb631b0000 - 0x00007ffb632fb000 	C:\Windows\SYSTEM32\textinputframework.dll
0x00007ffb8a810000 - 0x00007ffb8a943000 	C:\Windows\SYSTEM32\CoreMessaging.dll
0x00007ffb83720000 - 0x00007ffb83a8c000 	C:\Windows\SYSTEM32\CoreUIComponents.dll
0x00007ffb6f8c0000 - 0x00007ffb6f8c9000 	C:\Users\paubl\RepastSimphony-2.10.0\eclipse\plugins\org.eclipse.justj.openjdk.hotspot.jre.full.win32.x86_64_17.0.3.v20220515-1416\jre\bin\management.dll
0x00007ffb6d410000 - 0x00007ffb6d41b000 	C:\Users\paubl\RepastSimphony-2.10.0\eclipse\plugins\org.eclipse.justj.openjdk.hotspot.jre.full.win32.x86_64_17.0.3.v20220515-1416\jre\bin\management_ext.dll

dbghelp: loaded successfully - version: 4.0.5 - missing functions: none
symbol engine: initialized successfully - sym options: 0x614 - pdb path: .;C:\Users\paubl\RepastSimphony-2.10.0\eclipse\plugins\org.eclipse.justj.openjdk.hotspot.jre.full.win32.x86_64_17.0.3.v20220515-1416\jre\bin;C:\Windows\SYSTEM32;C:\Windows\WinSxS\amd64_microsoft.windows.common-controls_6595b64144ccf1df_6.0.22621.3527_none_270e469b73872a76;C:\Users\paubl\RepastSimphony-2.10.0\eclipse\plugins\org.eclipse.justj.openjdk.hotspot.jre.full.win32.x86_64_17.0.3.v20220515-1416\jre\bin\server;C:\Users\paubl\AppData\Local\Temp\jna-106439662;C:\Users\paubl\AppData\Local\GOAL\swilibs\1.4.1-SNAPSHOT\win64

VM Arguments:
java_command: goal.tools.eclipse.RunTool D:\projects\MAI\MASD\GoalSamples\.goalprefs D:\projects\MAI\MASD\GoalSamples\MASD\scenario1.mas2g
java_class_path (initial): C:\Users\paubl\RepastSimphony-2.10.0\eclipse\plugins\org.bitbucket.goalhub.runtime.shaded_2.2.1.20220222101259.jar
Launcher Type: SUN_STANDARD

[Global flags]
     intx CICompilerCount                          = 12                                        {product} {ergonomic}
     uint ConcGCThreads                            = 4                                         {product} {ergonomic}
     uint G1ConcRefinementThreads                  = 16                                        {product} {ergonomic}
   size_t G1HeapRegionSize                         = 4194304                                   {product} {ergonomic}
    uintx GCDrainStackTargetSize                   = 64                                        {product} {ergonomic}
   size_t InitialHeapSize                          = 532676608                                 {product} {ergonomic}
   size_t MarkStackSize                            = 4194304                                   {product} {ergonomic}
   size_t MaxHeapSize                              = 8493465600                                {product} {ergonomic}
   size_t MaxNewSize                               = 5096079360                                {product} {ergonomic}
   size_t MinHeapDeltaBytes                        = 4194304                                   {product} {ergonomic}
   size_t MinHeapSize                              = 8388608                                   {product} {ergonomic}
    uintx NonNMethodCodeHeapSize                   = 7602480                                {pd product} {ergonomic}
    uintx NonProfiledCodeHeapSize                  = 122027880                              {pd product} {ergonomic}
    uintx ProfiledCodeHeapSize                     = 122027880                              {pd product} {ergonomic}
    uintx ReservedCodeCacheSize                    = 251658240                              {pd product} {ergonomic}
     bool SegmentedCodeCache                       = true                                      {product} {ergonomic}
   size_t SoftMaxHeapSize                          = 8493465600                             {manageable} {ergonomic}
     bool UseCompressedClassPointers               = true                           {product lp64_product} {ergonomic}
     bool UseCompressedOops                        = true                           {product lp64_product} {ergonomic}
     bool UseG1GC                                  = true                                      {product} {ergonomic}
     bool UseLargePagesIndividualAllocation        = false                                  {pd product} {ergonomic}

Logging:
Log output configuration:
 #0: stdout all=warning uptime,level,tags
 #1: stderr all=off uptime,level,tags

Environment Variables:
PATH=C:/Users/paubl/RepastSimphony-2.10.0/eclipse//plugins/org.eclipse.justj.openjdk.hotspot.jre.full.win32.x86_64_17.0.3.v20220515-1416/jre/bin/server;C:/Users/paubl/RepastSimphony-2.10.0/eclipse//plugins/org.eclipse.justj.openjdk.hotspot.jre.full.win32.x86_64_17.0.3.v20220515-1416/jre/bin;C:\Program Files\Microsoft MPI\Bin\;C:\Windows\system32;C:\Windows;C:\Windows\System32\Wbem;C:\Windows\System32\WindowsPowerShell\v1.0\;C:\Windows\System32\OpenSSH\;C:\Program Files\dotnet\;C:\Program Files\Git\cmd;C:\Program Files\nodejs\;C:\ProgramData\chocolatey\bin;C:\Program Files\PowerShell\7\;C:\Program Files (x86)\Microsoft SQL Server\160\Tools\Binn\;C:\Program Files\Microsoft SQL Server\160\Tools\Binn\;C:\Program Files\Microsoft SQL Server\Client SDK\ODBC\170\Tools\Binn\;C:\Program Files\Microsoft SQL Server\160\DTS\Binn\;C:\Program Files (x86)\Microsoft SQL Server\160\DTS\Binn\;C:\Users\paubl\AppData\Local\Programs\Python\Python312\Scripts\;C:\Users\paubl\AppData\Local\Programs\Python\Python312\;C:\Users\paubl\AppData\Local\Programs\Python\Launcher\;C:\Users\paubl\AppData\Local\Microsoft\WindowsApps;;C:\Program Files\JetBrains\IntelliJ IDEA 2023.3.4\bin;;C:\Users\paubl\AppData\Local\Programs\Microsoft VS Code\bin;C:\Users\paubl\AppData\Roaming\npm;C:\Users\paubl\RepastSimphony-2.10.0\eclipse;
USERNAME=paubl
OS=Windows_NT
PROCESSOR_IDENTIFIER=Intel64 Family 6 Model 170 Stepping 4, GenuineIntel



---------------  S Y S T E M  ---------------

OS:
 Windows 11 , 64 bit Build 22621 (10.0.22621.3527)
OS uptime: 1 days 0:27 hours
Hyper-V role detected

CPU: total 22 (initial active 22) (11 cores per cpu, 2 threads per core) family 6 model 170 stepping 4 microcode 0x1c, cx8, cmov, fxsr, ht, mmx, 3dnowpref, sse, sse2, sse3, ssse3, sse4.1, sse4.2, popcnt, lzcnt, tsc, tscinvbit, avx, avx2, aes, erms, clmul, bmi1, bmi2, adx, sha, fma, vzeroupper, clflush, clflushopt, clwb, hv

Memory: 4k page, system-wide physical 32396M (16770M free)
TotalPageFile size 54924M (AvailPageFile size 30395M)
current process WorkingSet (physical memory assigned to process): 121M, peak: 156M
current process commit charge ("private bytes"): 201M, peak: 667M

vm_info: OpenJDK 64-Bit Server VM (17.0.3+7) for windows-amd64 JRE (17.0.3+7), built on Apr 19 2022 16:55:35 by "" with MS VC++ 16.7 (VS2019)

END.
